[ 2015-08-08T12:48:21+08:00 ] 127.0.0.1 /
INFO: [ app_init ] --START--
INFO: Run Behavior\BuildLiteBehavior [ RunTime:0.000021s ]
INFO: [ app_init ] --END-- [ RunTime:0.018821s ]
INFO: [ app_begin ] --START--
INFO: Run Behavior\ReadHtmlCacheBehavior [ RunTime:0.012309s ]
INFO: [ app_begin ] --END-- [ RunTime:0.012422s ]
INFO: [ view_parse ] --START--
INFO: Run Behavior\ParseTemplateBehavior [ RunTime:0.018423s ]
INFO: [ view_parse ] --END-- [ RunTime:0.018634s ]
INFO: [ view_filter ] --START--
INFO: Run Behavior\WriteHtmlCacheBehavior [ RunTime:0.014738s ]
INFO: [ view_filter ] --END-- [ RunTime:0.014940s ]
INFO: [ app_end ] --START--
INFO: Run Behavior\ShowPageTraceBehavior [ RunTime:0.014535s ]
INFO: [ app_end ] --END-- [ RunTime:0.014804s ]

[ 2015-08-08T12:48:31+08:00 ] 127.0.0.1 /index.php
INFO: [ app_init ] --START--
INFO: Run Behavior\BuildLiteBehavior [ RunTime:0.000041s ]
INFO: [ app_init ] --END-- [ RunTime:0.001359s ]
INFO: [ app_begin ] --START--
INFO: Run Behavior\ReadHtmlCacheBehavior [ RunTime:0.002102s ]
INFO: [ app_begin ] --END-- [ RunTime:0.002311s ]
INFO: [ view_parse ] --START--
INFO: Run Behavior\ParseTemplateBehavior [ RunTime:0.001081s ]
INFO: [ view_parse ] --END-- [ RunTime:0.001273s ]
INFO: [ view_filter ] --START--
INFO: Run Behavior\WriteHtmlCacheBehavior [ RunTime:0.001127s ]
INFO: [ view_filter ] --END-- [ RunTime:0.001282s ]
INFO: [ app_end ] --START--
INFO: Run Behavior\ShowPageTraceBehavior [ RunTime:0.002406s ]
INFO: [ app_end ] --END-- [ RunTime:0.002612s ]

[ 2015-08-08T12:48:38+08:00 ] 127.0.0.1 /index.php/admin/index/index
INFO: [ app_init ] --START--
INFO: Run Behavior\BuildLiteBehavior [ RunTime:0.000043s ]
INFO: [ app_init ] --END-- [ RunTime:0.001294s ]
INFO: [ app_begin ] --START--
INFO: Run Behavior\ReadHtmlCacheBehavior [ RunTime:0.002207s ]
INFO: [ app_begin ] --END-- [ RunTime:0.002411s ]
INFO: [ view_parse ] --START--
INFO: [ template_filter ] --START--
INFO: Run Behavior\ContentReplaceBehavior [ RunTime:0.000071s ]
INFO: [ template_filter ] --END-- [ RunTime:0.000188s ]
INFO: Run Behavior\ParseTemplateBehavior [ RunTime:0.051237s ]
INFO: [ view_parse ] --END-- [ RunTime:0.051372s ]
INFO: [ view_filter ] --START--
INFO: Run Behavior\WriteHtmlCacheBehavior [ RunTime:0.000679s ]
INFO: [ view_filter ] --END-- [ RunTime:0.000751s ]
INFO: [ app_end ] --START--
INFO: Run Behavior\ShowPageTraceBehavior [ RunTime:0.001224s ]
INFO: [ app_end ] --END-- [ RunTime:0.001336s ]

[ 2015-08-08T12:48:39+08:00 ] 127.0.0.1 /index.php/admin/Member/information
INFO: [ app_init ] --START--
INFO: Run Behavior\BuildLiteBehavior [ RunTime:0.000021s ]
INFO: [ app_init ] --END-- [ RunTime:0.000655s ]
INFO: [ app_begin ] --START--
INFO: Run Behavior\ReadHtmlCacheBehavior [ RunTime:0.002875s ]
INFO: [ app_begin ] --END-- [ RunTime:0.003230s ]
INFO: [ view_parse ] --START--
INFO: [ template_filter ] --START--
INFO: Run Behavior\ContentReplaceBehavior [ RunTime:0.000080s ]
INFO: [ template_filter ] --END-- [ RunTime:0.000172s ]
INFO: Run Behavior\ParseTemplateBehavior [ RunTime:0.022500s ]
INFO: [ view_parse ] --END-- [ RunTime:0.022584s ]
INFO: [ view_filter ] --START--
INFO: Run Behavior\WriteHtmlCacheBehavior [ RunTime:0.000435s ]
INFO: [ view_filter ] --END-- [ RunTime:0.000484s ]
INFO: [ app_end ] --START--
INFO: Run Behavior\ShowPageTraceBehavior [ RunTime:0.000666s ]
INFO: [ app_end ] --END-- [ RunTime:0.000733s ]

[ 2015-08-08T12:48:43+08:00 ] 127.0.0.1 /index.php/admin/Agent/agent.html
INFO: [ app_init ] --START--
INFO: Run Behavior\BuildLiteBehavior [ RunTime:0.000014s ]
INFO: [ app_init ] --END-- [ RunTime:0.000454s ]
INFO: [ app_begin ] --START--
INFO: Run Behavior\ReadHtmlCacheBehavior [ RunTime:0.000729s ]
INFO: [ app_begin ] --END-- [ RunTime:0.000800s ]
NOTIC: [8] Undefined index: province D:\PHP\amp\app\Application\Admin\Controller\AgentController.class.php 第 23 行.
NOTIC: [8] Undefined index: province D:\PHP\amp\app\Application\Admin\Controller\AgentController.class.php 第 24 行.
SQL: SHOW COLUMNS FROM `yx_pcd_province` [ RunTime:0.053419s ]
NOTIC: [8] Undefined index: province D:\PHP\amp\app\Application\Admin\Model\PcdProvinceModel.class.php 第 10 行.
SQL: SELECT `ProvinceName` FROM `yx_pcd_province`  [ RunTime:0.005250s ]
NOTIC: [8] Undefined variable: data D:\PHP\amp\app\Application\Admin\Controller\AgentController.class.php 第 30 行.
NOTIC: [8] Undefined index: province D:\PHP\amp\app\Application\Admin\Controller\AgentController.class.php 第 31 行.
INFO: [ view_parse ] --START--
INFO: [ template_filter ] --START--
INFO: Run Behavior\ContentReplaceBehavior [ RunTime:0.000087s ]
INFO: [ template_filter ] --END-- [ RunTime:0.000190s ]
NOTIC: [8] Undefined variable: city D:\PHP\amp\app\Application\Runtime\Cache\Admin\1b32734865f8d28ed3fdd96215ddb47c.php 第 58 行.
NOTIC: [8] Undefined variable: county D:\PHP\amp\app\Application\Runtime\Cache\Admin\1b32734865f8d28ed3fdd96215ddb47c.php 第 59 行.
NOTIC: [8] Undefined variable: data D:\PHP\amp\app\Application\Runtime\Cache\Admin\1b32734865f8d28ed3fdd96215ddb47c.php 第 107 行.
NOTIC: [2] Invalid argument supplied for foreach() D:\PHP\amp\app\Application\Runtime\Cache\Admin\1b32734865f8d28ed3fdd96215ddb47c.php 第 107 行.
NOTIC: [8] Undefined variable: data1 D:\PHP\amp\app\Application\Runtime\Cache\Admin\1b32734865f8d28ed3fdd96215ddb47c.php 第 120 行.
NOTIC: [2] Invalid argument supplied for foreach() D:\PHP\amp\app\Application\Runtime\Cache\Admin\1b32734865f8d28ed3fdd96215ddb47c.php 第 120 行.
INFO: Run Behavior\ParseTemplateBehavior [ RunTime:0.045100s ]
INFO: [ view_parse ] --END-- [ RunTime:0.045274s ]
INFO: [ view_filter ] --START--
INFO: Run Behavior\WriteHtmlCacheBehavior [ RunTime:0.000771s ]
INFO: [ view_filter ] --END-- [ RunTime:0.000855s ]

[ 2015-08-08T12:49:04+08:00 ] 127.0.0.1 /index.php/admin/Finance/Finance.html
INFO: [ app_init ] --START--
INFO: Run Behavior\BuildLiteBehavior [ RunTime:0.000012s ]
INFO: [ app_init ] --END-- [ RunTime:0.000359s ]
INFO: [ app_begin ] --START--
INFO: Run Behavior\ReadHtmlCacheBehavior [ RunTime:0.000608s ]
INFO: [ app_begin ] --END-- [ RunTime:0.000658s ]
NOTIC: [8] Use of undefined constant ExtractManage - assumed 'ExtractManage' D:\PHP\amp\app\Application\Admin\Controller\FinanceController.class.php 第 7 行.
SQL: SHOW COLUMNS FROM `yx_extract_manage` [ RunTime:0.043268s ]
SQL: SELECT COUNT(*) AS tp_count FROM yx_extract_manage a LIMIT 1   [ RunTime:0.000775s ]
SQL: SELECT a.*,b.nikename FROM yx_extract_manage a LEFT JOIN yx_member b on a.memberid = b.id  LIMIT 0,15   [ RunTime:0.031626s ]
INFO: [ view_parse ] --START--
INFO: [ template_filter ] --START--
INFO: Run Behavior\ContentReplaceBehavior [ RunTime:0.000067s ]
INFO: [ template_filter ] --END-- [ RunTime:0.000163s ]
INFO: Run Behavior\ParseTemplateBehavior [ RunTime:0.030135s ]
INFO: [ view_parse ] --END-- [ RunTime:0.030282s ]
INFO: [ view_filter ] --START--
INFO: Run Behavior\WriteHtmlCacheBehavior [ RunTime:0.000710s ]
INFO: [ view_filter ] --END-- [ RunTime:0.000795s ]
INFO: [ app_end ] --START--
INFO: Run Behavior\ShowPageTraceBehavior [ RunTime:0.001091s ]
INFO: [ app_end ] --END-- [ RunTime:0.001178s ]

[ 2015-08-08T12:49:10+08:00 ] 127.0.0.1 /index.php/admin/form/column.html
INFO: [ app_init ] --START--
INFO: Run Behavior\BuildLiteBehavior [ RunTime:0.000012s ]
INFO: [ app_init ] --END-- [ RunTime:0.000323s ]
INFO: [ app_begin ] --START--
INFO: Run Behavior\ReadHtmlCacheBehavior [ RunTime:0.000510s ]
INFO: [ app_begin ] --END-- [ RunTime:0.000569s ]
INFO: [ view_parse ] --START--
INFO: [ template_filter ] --START--
INFO: Run Behavior\ContentReplaceBehavior [ RunTime:0.000054s ]
INFO: [ template_filter ] --END-- [ RunTime:0.000126s ]
INFO: Run Behavior\ParseTemplateBehavior [ RunTime:0.023233s ]
INFO: [ view_parse ] --END-- [ RunTime:0.023305s ]
INFO: [ view_filter ] --START--
INFO: Run Behavior\WriteHtmlCacheBehavior [ RunTime:0.000470s ]
INFO: [ view_filter ] --END-- [ RunTime:0.000513s ]
INFO: [ app_end ] --START--
INFO: Run Behavior\ShowPageTraceBehavior [ RunTime:0.000590s ]
INFO: [ app_end ] --END-- [ RunTime:0.000635s ]

[ 2015-08-08T12:49:12+08:00 ] 127.0.0.1 /index.php/admin/form/column.html
INFO: [ app_init ] --START--
INFO: Run Behavior\BuildLiteBehavior [ RunTime:0.000014s ]
INFO: [ app_init ] --END-- [ RunTime:0.000455s ]
INFO: [ app_begin ] --START--
INFO: Run Behavior\ReadHtmlCacheBehavior [ RunTime:0.001635s ]
INFO: [ app_begin ] --END-- [ RunTime:0.001723s ]
INFO: [ view_parse ] --START--
INFO: [ template_filter ] --START--
INFO: Run Behavior\ContentReplaceBehavior [ RunTime:0.000046s ]
INFO: [ template_filter ] --END-- [ RunTime:0.000119s ]
INFO: Run Behavior\ParseTemplateBehavior [ RunTime:0.006069s ]
INFO: [ view_parse ] --END-- [ RunTime:0.006142s ]
INFO: [ view_filter ] --START--
INFO: Run Behavior\WriteHtmlCacheBehavior [ RunTime:0.000480s ]
INFO: [ view_filter ] --END-- [ RunTime:0.000531s ]
INFO: [ app_end ] --START--
INFO: Run Behavior\ShowPageTraceBehavior [ RunTime:0.000664s ]
INFO: [ app_end ] --END-- [ RunTime:0.000714s ]

[ 2015-08-08T12:49:15+08:00 ] 127.0.0.1 /index.php/admin/form/column.html
INFO: [ app_init ] --START--
INFO: Run Behavior\BuildLiteBehavior [ RunTime:0.000014s ]
INFO: [ app_init ] --END-- [ RunTime:0.000459s ]
INFO: [ app_begin ] --START--
INFO: Run Behavior\ReadHtmlCacheBehavior [ RunTime:0.000667s ]
INFO: [ app_begin ] --END-- [ RunTime:0.000726s ]
INFO: [ view_parse ] --START--
INFO: [ template_filter ] --START--
INFO: Run Behavior\ContentReplaceBehavior [ RunTime:0.000043s ]
INFO: [ template_filter ] --END-- [ RunTime:0.000106s ]
INFO: Run Behavior\ParseTemplateBehavior [ RunTime:0.005538s ]
INFO: [ view_parse ] --END-- [ RunTime:0.005600s ]
INFO: [ view_filter ] --START--
INFO: Run Behavior\WriteHtmlCacheBehavior [ RunTime:0.000448s ]
INFO: [ view_filter ] --END-- [ RunTime:0.000498s ]
INFO: [ app_end ] --START--
INFO: Run Behavior\ShowPageTraceBehavior [ RunTime:0.000708s ]
INFO: [ app_end ] --END-- [ RunTime:0.000761s ]

[ 2015-08-08T12:49:17+08:00 ] 127.0.0.1 /index.php/admin/form/column.html
INFO: [ app_init ] --START--
INFO: Run Behavior\BuildLiteBehavior [ RunTime:0.000015s ]
INFO: [ app_init ] --END-- [ RunTime:0.000455s ]
INFO: [ app_begin ] --START--
INFO: Run Behavior\ReadHtmlCacheBehavior [ RunTime:0.000671s ]
INFO: [ app_begin ] --END-- [ RunTime:0.000729s ]
INFO: [ view_parse ] --START--
INFO: [ template_filter ] --START--
INFO: Run Behavior\ContentReplaceBehavior [ RunTime:0.000044s ]
INFO: [ template_filter ] --END-- [ RunTime:0.000107s ]
INFO: Run Behavior\ParseTemplateBehavior [ RunTime:0.005564s ]
INFO: [ view_parse ] --END-- [ RunTime:0.005626s ]
INFO: [ view_filter ] --START--
INFO: Run Behavior\WriteHtmlCacheBehavior [ RunTime:0.000473s ]
INFO: [ view_filter ] --END-- [ RunTime:0.000523s ]
INFO: [ app_end ] --START--
INFO: Run Behavior\ShowPageTraceBehavior [ RunTime:0.000709s ]
INFO: [ app_end ] --END-- [ RunTime:0.000762s ]

[ 2015-08-08T12:49:20+08:00 ] 127.0.0.1 /index.php/admin/Finance/Finance.html
INFO: [ app_init ] --START--
INFO: Run Behavior\BuildLiteBehavior [ RunTime:0.000014s ]
INFO: [ app_init ] --END-- [ RunTime:0.000468s ]
INFO: [ app_begin ] --START--
INFO: Run Behavior\ReadHtmlCacheBehavior [ RunTime:0.000619s ]
INFO: [ app_begin ] --END-- [ RunTime:0.000678s ]
NOTIC: [8] Use of undefined constant ExtractManage - assumed 'ExtractManage' D:\PHP\amp\app\Application\Admin\Controller\FinanceController.class.php 第 7 行.
SQL: SHOW COLUMNS FROM `yx_extract_manage` [ RunTime:0.022656s ]
SQL: SELECT COUNT(*) AS tp_count FROM yx_extract_manage a LIMIT 1   [ RunTime:0.000631s ]
SQL: SELECT a.*,b.nikename FROM yx_extract_manage a LEFT JOIN yx_member b on a.memberid = b.id  LIMIT 0,15   [ RunTime:0.001265s ]
INFO: [ view_parse ] --START--
INFO: [ template_filter ] --START--
INFO: Run Behavior\ContentReplaceBehavior [ RunTime:0.000176s ]
INFO: [ template_filter ] --END-- [ RunTime:0.000375s ]
INFO: Run Behavior\ParseTemplateBehavior [ RunTime:0.019566s ]
INFO: [ view_parse ] --END-- [ RunTime:0.019781s ]
INFO: [ view_filter ] --START--
INFO: Run Behavior\WriteHtmlCacheBehavior [ RunTime:0.001376s ]
INFO: [ view_filter ] --END-- [ RunTime:0.001542s ]
INFO: [ app_end ] --START--
INFO: Run Behavior\ShowPageTraceBehavior [ RunTime:0.002126s ]
INFO: [ app_end ] --END-- [ RunTime:0.002293s ]

[ 2015-08-08T12:49:21+08:00 ] 127.0.0.1 /index.php/admin/Agent/agent.html
INFO: [ app_init ] --START--
INFO: Run Behavior\BuildLiteBehavior [ RunTime:0.000015s ]
INFO: [ app_init ] --END-- [ RunTime:0.000432s ]
INFO: [ app_begin ] --START--
INFO: Run Behavior\ReadHtmlCacheBehavior [ RunTime:0.000681s ]
INFO: [ app_begin ] --END-- [ RunTime:0.000741s ]
NOTIC: [8] Undefined index: province D:\PHP\amp\app\Application\Admin\Controller\AgentController.class.php 第 23 行.
NOTIC: [8] Undefined index: province D:\PHP\amp\app\Application\Admin\Controller\AgentController.class.php 第 24 行.
SQL: SHOW COLUMNS FROM `yx_pcd_province` [ RunTime:0.007431s ]
NOTIC: [8] Undefined index: province D:\PHP\amp\app\Application\Admin\Model\PcdProvinceModel.class.php 第 10 行.
SQL: SELECT `ProvinceName` FROM `yx_pcd_province`  [ RunTime:0.000917s ]
NOTIC: [8] Undefined variable: data D:\PHP\amp\app\Application\Admin\Controller\AgentController.class.php 第 30 行.
NOTIC: [8] Undefined index: province D:\PHP\amp\app\Application\Admin\Controller\AgentController.class.php 第 31 行.
INFO: [ view_parse ] --START--
INFO: [ template_filter ] --START--
INFO: Run Behavior\ContentReplaceBehavior [ RunTime:0.000167s ]
INFO: [ template_filter ] --END-- [ RunTime:0.000381s ]
NOTIC: [8] Undefined variable: city D:\PHP\amp\app\Application\Runtime\Cache\Admin\1b32734865f8d28ed3fdd96215ddb47c.php 第 58 行.
NOTIC: [8] Undefined variable: county D:\PHP\amp\app\Application\Runtime\Cache\Admin\1b32734865f8d28ed3fdd96215ddb47c.php 第 59 行.
NOTIC: [8] Undefined variable: data D:\PHP\amp\app\Application\Runtime\Cache\Admin\1b32734865f8d28ed3fdd96215ddb47c.php 第 107 行.
NOTIC: [2] Invalid argument supplied for foreach() D:\PHP\amp\app\Application\Runtime\Cache\Admin\1b32734865f8d28ed3fdd96215ddb47c.php 第 107 行.
NOTIC: [8] Undefined variable: data1 D:\PHP\amp\app\Application\Runtime\Cache\Admin\1b32734865f8d28ed3fdd96215ddb47c.php 第 120 行.
NOTIC: [2] Invalid argument supplied for foreach() D:\PHP\amp\app\Application\Runtime\Cache\Admin\1b32734865f8d28ed3fdd96215ddb47c.php 第 120 行.
INFO: Run Behavior\ParseTemplateBehavior [ RunTime:0.028961s ]
INFO: [ view_parse ] --END-- [ RunTime:0.029135s ]
INFO: [ view_filter ] --START--
INFO: Run Behavior\WriteHtmlCacheBehavior [ RunTime:0.001394s ]
INFO: [ view_filter ] --END-- [ RunTime:0.001564s ]

[ 2015-08-08T12:49:38+08:00 ] 127.0.0.1 /index.php/Admin/Agent/add/pname/%E5%B1%B1%E8%A5%BF%E7%9C%81.html
INFO: [ app_init ] --START--
INFO: Run Behavior\BuildLiteBehavior [ RunTime:0.000014s ]
INFO: [ app_init ] --END-- [ RunTime:0.000520s ]
INFO: [ app_begin ] --START--
INFO: Run Behavior\ReadHtmlCacheBehavior [ RunTime:0.000612s ]
INFO: [ app_begin ] --END-- [ RunTime:0.000661s ]
INFO: [ view_parse ] --START--
INFO: [ template_filter ] --START--
INFO: Run Behavior\ContentReplaceBehavior [ RunTime:0.000044s ]
INFO: [ template_filter ] --END-- [ RunTime:0.000099s ]
INFO: Run Behavior\ParseTemplateBehavior [ RunTime:0.018178s ]
INFO: [ view_parse ] --END-- [ RunTime:0.018238s ]
INFO: [ view_filter ] --START--
INFO: Run Behavior\WriteHtmlCacheBehavior [ RunTime:0.000426s ]
INFO: [ view_filter ] --END-- [ RunTime:0.000467s ]
INFO: [ app_end ] --START--
INFO: Run Behavior\ShowPageTraceBehavior [ RunTime:0.000622s ]
INFO: [ app_end ] --END-- [ RunTime:0.000664s ]

[ 2015-08-08T12:50:36+08:00 ] 127.0.0.1 /index.php/admin/Agent/agent.html
INFO: [ app_init ] --START--
INFO: Run Behavior\BuildLiteBehavior [ RunTime:0.000014s ]
INFO: [ app_init ] --END-- [ RunTime:0.000467s ]
INFO: [ app_begin ] --START--
INFO: Run Behavior\ReadHtmlCacheBehavior [ RunTime:0.000670s ]
INFO: [ app_begin ] --END-- [ RunTime:0.000734s ]
NOTIC: [8] Undefined index: province D:\PHP\amp\app\Application\Admin\Controller\AgentController.class.php 第 23 行.
NOTIC: [8] Undefined index: province D:\PHP\amp\app\Application\Admin\Controller\AgentController.class.php 第 24 行.
SQL: SHOW COLUMNS FROM `yx_pcd_province` [ RunTime:0.004547s ]
NOTIC: [8] Undefined index: province D:\PHP\amp\app\Application\Admin\Model\PcdProvinceModel.class.php 第 10 行.
SQL: SELECT `ProvinceName` FROM `yx_pcd_province`  [ RunTime:0.000608s ]
NOTIC: [8] Undefined variable: data D:\PHP\amp\app\Application\Admin\Controller\AgentController.class.php 第 30 行.
NOTIC: [8] Undefined index: province D:\PHP\amp\app\Application\Admin\Controller\AgentController.class.php 第 31 行.
INFO: [ view_parse ] --START--
INFO: [ template_filter ] --START--
INFO: Run Behavior\ContentReplaceBehavior [ RunTime:0.000068s ]
INFO: [ template_filter ] --END-- [ RunTime:0.000154s ]
NOTIC: [8] Undefined variable: city D:\PHP\amp\app\Application\Runtime\Cache\Admin\1b32734865f8d28ed3fdd96215ddb47c.php 第 58 行.
NOTIC: [8] Undefined variable: county D:\PHP\amp\app\Application\Runtime\Cache\Admin\1b32734865f8d28ed3fdd96215ddb47c.php 第 59 行.
NOTIC: [8] Undefined variable: data D:\PHP\amp\app\Application\Runtime\Cache\Admin\1b32734865f8d28ed3fdd96215ddb47c.php 第 107 行.
NOTIC: [2] Invalid argument supplied for foreach() D:\PHP\amp\app\Application\Runtime\Cache\Admin\1b32734865f8d28ed3fdd96215ddb47c.php 第 107 行.
NOTIC: [8] Undefined variable: data1 D:\PHP\amp\app\Application\Runtime\Cache\Admin\1b32734865f8d28ed3fdd96215ddb47c.php 第 120 行.
NOTIC: [2] Invalid argument supplied for foreach() D:\PHP\amp\app\Application\Runtime\Cache\Admin\1b32734865f8d28ed3fdd96215ddb47c.php 第 120 行.
INFO: Run Behavior\ParseTemplateBehavior [ RunTime:0.011704s ]
INFO: [ view_parse ] --END-- [ RunTime:0.011790s ]
INFO: [ view_filter ] --START--
INFO: Run Behavior\WriteHtmlCacheBehavior [ RunTime:0.000487s ]
INFO: [ view_filter ] --END-- [ RunTime:0.000549s ]

[ 2015-08-08T12:55:57+08:00 ] 127.0.0.1 /index.php/admin/index/index
INFO: [ app_init ] --START--
INFO: Run Behavior\BuildLiteBehavior [ RunTime:0.000015s ]
INFO: [ app_init ] --END-- [ RunTime:0.000467s ]
INFO: [ app_begin ] --START--
INFO: Run Behavior\ReadHtmlCacheBehavior [ RunTime:0.000689s ]
INFO: [ app_begin ] --END-- [ RunTime:0.000749s ]
INFO: [ view_parse ] --START--
INFO: [ template_filter ] --START--
INFO: Run Behavior\ContentReplaceBehavior [ RunTime:0.000051s ]
INFO: [ template_filter ] --END-- [ RunTime:0.000125s ]
INFO: Run Behavior\ParseTemplateBehavior [ RunTime:0.006873s ]
INFO: [ view_parse ] --END-- [ RunTime:0.006941s ]
INFO: [ view_filter ] --START--
INFO: Run Behavior\WriteHtmlCacheBehavior [ RunTime:0.000493s ]
INFO: [ view_filter ] --END-- [ RunTime:0.000545s ]
INFO: [ app_end ] --START--
INFO: Run Behavior\ShowPageTraceBehavior [ RunTime:0.000715s ]
INFO: [ app_end ] --END-- [ RunTime:0.000771s ]

[ 2015-08-08T12:55:58+08:00 ] 127.0.0.1 /index.php/admin/Member/information
INFO: [ app_init ] --START--
INFO: Run Behavior\BuildLiteBehavior [ RunTime:0.000023s ]
INFO: [ app_init ] --END-- [ RunTime:0.000782s ]
INFO: [ app_begin ] --START--
INFO: Run Behavior\ReadHtmlCacheBehavior [ RunTime:0.001023s ]
INFO: [ app_begin ] --END-- [ RunTime:0.001133s ]
INFO: [ view_parse ] --START--
INFO: [ template_filter ] --START--
INFO: Run Behavior\ContentReplaceBehavior [ RunTime:0.000048s ]
INFO: [ template_filter ] --END-- [ RunTime:0.000101s ]
INFO: Run Behavior\ParseTemplateBehavior [ RunTime:0.007962s ]
INFO: [ view_parse ] --END-- [ RunTime:0.008136s ]
INFO: [ view_filter ] --START--
INFO: Run Behavior\WriteHtmlCacheBehavior [ RunTime:0.000519s ]
INFO: [ view_filter ] --END-- [ RunTime:0.000593s ]
INFO: [ app_end ] --START--
INFO: Run Behavior\ShowPageTraceBehavior [ RunTime:0.000858s ]
INFO: [ app_end ] --END-- [ RunTime:0.000978s ]

[ 2015-08-08T12:55:59+08:00 ] 127.0.0.1 /index.php/admin/Agent/agent.html
INFO: [ app_init ] --START--
INFO: Run Behavior\BuildLiteBehavior [ RunTime:0.000012s ]
INFO: [ app_init ] --END-- [ RunTime:0.000412s ]
INFO: [ app_begin ] --START--
INFO: Run Behavior\ReadHtmlCacheBehavior [ RunTime:0.002074s ]
INFO: [ app_begin ] --END-- [ RunTime:0.002373s ]
SQL: SHOW COLUMNS FROM `yx_agent` [ RunTime:0.010400s ]
ERR: Think\Model:search方法不存在！

[ 2015-08-08T12:56:34+08:00 ] 127.0.0.1 /index.php/admin/index/index
INFO: [ app_init ] --START--
INFO: Run Behavior\BuildLiteBehavior [ RunTime:0.000014s ]
INFO: [ app_init ] --END-- [ RunTime:0.000463s ]
INFO: [ app_begin ] --START--
INFO: Run Behavior\ReadHtmlCacheBehavior [ RunTime:0.000677s ]
INFO: [ app_begin ] --END-- [ RunTime:0.000737s ]
INFO: [ view_parse ] --START--
INFO: [ template_filter ] --START--
INFO: Run Behavior\ContentReplaceBehavior [ RunTime:0.000051s ]
INFO: [ template_filter ] --END-- [ RunTime:0.000123s ]
INFO: Run Behavior\ParseTemplateBehavior [ RunTime:0.006712s ]
INFO: [ view_parse ] --END-- [ RunTime:0.006792s ]
INFO: [ view_filter ] --START--
INFO: Run Behavior\WriteHtmlCacheBehavior [ RunTime:0.000490s ]
INFO: [ view_filter ] --END-- [ RunTime:0.000547s ]
INFO: [ app_end ] --START--
INFO: Run Behavior\ShowPageTraceBehavior [ RunTime:0.000613s ]
INFO: [ app_end ] --END-- [ RunTime:0.000657s ]

[ 2015-08-08T12:56:35+08:00 ] 127.0.0.1 /index.php/admin/Member/information
INFO: [ app_init ] --START--
INFO: Run Behavior\BuildLiteBehavior [ RunTime:0.000015s ]
INFO: [ app_init ] --END-- [ RunTime:0.000496s ]
INFO: [ app_begin ] --START--
INFO: Run Behavior\ReadHtmlCacheBehavior [ RunTime:0.001132s ]
INFO: [ app_begin ] --END-- [ RunTime:0.001276s ]
INFO: [ view_parse ] --START--
INFO: [ template_filter ] --START--
INFO: Run Behavior\ContentReplaceBehavior [ RunTime:0.000050s ]
INFO: [ template_filter ] --END-- [ RunTime:0.000113s ]
INFO: Run Behavior\ParseTemplateBehavior [ RunTime:0.014370s ]
INFO: [ view_parse ] --END-- [ RunTime:0.014465s ]
INFO: [ view_filter ] --START--
INFO: Run Behavior\WriteHtmlCacheBehavior [ RunTime:0.000350s ]
INFO: [ view_filter ] --END-- [ RunTime:0.000390s ]
INFO: [ app_end ] --START--
INFO: Run Behavior\ShowPageTraceBehavior [ RunTime:0.000530s ]
INFO: [ app_end ] --END-- [ RunTime:0.000574s ]

[ 2015-08-08T12:56:36+08:00 ] 127.0.0.1 /index.php/admin/Agent/agent.html
INFO: [ app_init ] --START--
INFO: Run Behavior\BuildLiteBehavior [ RunTime:0.000013s ]
INFO: [ app_init ] --END-- [ RunTime:0.000463s ]
INFO: [ app_begin ] --START--
INFO: Run Behavior\ReadHtmlCacheBehavior [ RunTime:0.001146s ]
INFO: [ app_begin ] --END-- [ RunTime:0.001257s ]
SQL: SHOW COLUMNS FROM `yx_agent` [ RunTime:0.006294s ]
SQL: SELECT COUNT(*) AS tp_count FROM yx_agent a LIMIT 1   [ RunTime:0.000646s ]
SQL: SELECT a.* FROM yx_agent a LIMIT 0,15   [ RunTime:0.000660s ]
NOTIC: [8] Undefined index: province D:\PHP\amp\app\Application\Admin\Controller\AgentController.class.php 第 26 行.
NOTIC: [8] Undefined index: province D:\PHP\amp\app\Application\Admin\Controller\AgentController.class.php 第 27 行.
SQL: SHOW COLUMNS FROM `yx_pcd_province` [ RunTime:0.006062s ]
NOTIC: [8] Undefined index: province D:\PHP\amp\app\Application\Admin\Model\PcdProvinceModel.class.php 第 10 行.
SQL: SELECT `ProvinceName` FROM `yx_pcd_province`  [ RunTime:0.000669s ]
NOTIC: [8] Undefined variable: data D:\PHP\amp\app\Application\Admin\Controller\AgentController.class.php 第 33 行.
NOTIC: [8] Undefined index: province D:\PHP\amp\app\Application\Admin\Controller\AgentController.class.php 第 34 行.
INFO: [ view_parse ] --START--
INFO: [ template_filter ] --START--
INFO: Run Behavior\ContentReplaceBehavior [ RunTime:0.000162s ]
INFO: [ template_filter ] --END-- [ RunTime:0.000322s ]
NOTIC: [8] Undefined variable: city D:\PHP\amp\app\Application\Runtime\Cache\Admin\1b32734865f8d28ed3fdd96215ddb47c.php 第 58 行.
NOTIC: [8] Undefined variable: county D:\PHP\amp\app\Application\Runtime\Cache\Admin\1b32734865f8d28ed3fdd96215ddb47c.php 第 59 行.
NOTIC: [8] Undefined variable: data D:\PHP\amp\app\Application\Runtime\Cache\Admin\1b32734865f8d28ed3fdd96215ddb47c.php 第 107 行.
NOTIC: [2] Invalid argument supplied for foreach() D:\PHP\amp\app\Application\Runtime\Cache\Admin\1b32734865f8d28ed3fdd96215ddb47c.php 第 107 行.
NOTIC: [8] Undefined variable: data1 D:\PHP\amp\app\Application\Runtime\Cache\Admin\1b32734865f8d28ed3fdd96215ddb47c.php 第 120 行.
NOTIC: [2] Invalid argument supplied for foreach() D:\PHP\amp\app\Application\Runtime\Cache\Admin\1b32734865f8d28ed3fdd96215ddb47c.php 第 120 行.
INFO: Run Behavior\ParseTemplateBehavior [ RunTime:0.023120s ]
INFO: [ view_parse ] --END-- [ RunTime:0.023275s ]
INFO: [ view_filter ] --START--
INFO: Run Behavior\WriteHtmlCacheBehavior [ RunTime:0.001138s ]
INFO: [ view_filter ] --END-- [ RunTime:0.001266s ]

[ 2015-08-08T13:00:28+08:00 ] 127.0.0.1 /index.php/admin/index/index
INFO: [ app_init ] --START--
INFO: Run Behavior\BuildLiteBehavior [ RunTime:0.000014s ]
INFO: [ app_init ] --END-- [ RunTime:0.000401s ]
INFO: [ app_begin ] --START--
INFO: Run Behavior\ReadHtmlCacheBehavior [ RunTime:0.000846s ]
INFO: [ app_begin ] --END-- [ RunTime:0.000923s ]
INFO: [ view_parse ] --START--
INFO: [ template_filter ] --START--
INFO: Run Behavior\ContentReplaceBehavior [ RunTime:0.000050s ]
INFO: [ template_filter ] --END-- [ RunTime:0.000115s ]
INFO: Run Behavior\ParseTemplateBehavior [ RunTime:0.006308s ]
INFO: [ view_parse ] --END-- [ RunTime:0.006377s ]
INFO: [ view_filter ] --START--
INFO: Run Behavior\WriteHtmlCacheBehavior [ RunTime:0.000486s ]
INFO: [ view_filter ] --END-- [ RunTime:0.000537s ]
INFO: [ app_end ] --START--
INFO: Run Behavior\ShowPageTraceBehavior [ RunTime:0.000759s ]
INFO: [ app_end ] --END-- [ RunTime:0.000813s ]

[ 2015-08-08T13:00:28+08:00 ] 127.0.0.1 /index.php/admin/Member/information
INFO: [ app_init ] --START--
INFO: Run Behavior\BuildLiteBehavior [ RunTime:0.000024s ]
INFO: [ app_init ] --END-- [ RunTime:0.000531s ]
INFO: [ app_begin ] --START--
INFO: Run Behavior\ReadHtmlCacheBehavior [ RunTime:0.001730s ]
INFO: [ app_begin ] --END-- [ RunTime:0.001951s ]
INFO: [ view_parse ] --START--
INFO: [ template_filter ] --START--
INFO: Run Behavior\ContentReplaceBehavior [ RunTime:0.000080s ]
INFO: [ template_filter ] --END-- [ RunTime:0.000168s ]
INFO: Run Behavior\ParseTemplateBehavior [ RunTime:0.012585s ]
INFO: [ view_parse ] --END-- [ RunTime:0.012723s ]
INFO: [ view_filter ] --START--
INFO: Run Behavior\WriteHtmlCacheBehavior [ RunTime:0.000949s ]
INFO: [ view_filter ] --END-- [ RunTime:0.001067s ]
INFO: [ app_end ] --START--
INFO: Run Behavior\ShowPageTraceBehavior [ RunTime:0.000909s ]
INFO: [ app_end ] --END-- [ RunTime:0.000984s ]

[ 2015-08-08T13:00:29+08:00 ] 127.0.0.1 /index.php/admin/Agent/agent.html
INFO: [ app_init ] --START--
INFO: Run Behavior\BuildLiteBehavior [ RunTime:0.000022s ]
INFO: [ app_init ] --END-- [ RunTime:0.000607s ]
INFO: [ app_begin ] --START--
INFO: Run Behavior\ReadHtmlCacheBehavior [ RunTime:0.000907s ]
INFO: [ app_begin ] --END-- [ RunTime:0.001005s ]
SQL: SHOW COLUMNS FROM `yx_agent` [ RunTime:0.009197s ]
SQL: SELECT COUNT(*) AS tp_count FROM yx_agent a LIMIT 1   [ RunTime:0.001006s ]
SQL: SELECT a.* FROM yx_agent a LIMIT 0,15   [ RunTime:0.001016s ]
NOTIC: [8] Undefined index: province D:\PHP\amp\app\Application\Admin\Controller\AgentController.class.php 第 26 行.
NOTIC: [8] Undefined index: province D:\PHP\amp\app\Application\Admin\Controller\AgentController.class.php 第 27 行.
SQL: SHOW COLUMNS FROM `yx_pcd_province` [ RunTime:0.009522s ]
NOTIC: [8] Undefined index: province D:\PHP\amp\app\Application\Admin\Model\PcdProvinceModel.class.php 第 10 行.
SQL: SELECT `ProvinceName` FROM `yx_pcd_province`  [ RunTime:0.000879s ]
NOTIC: [8] Undefined variable: data D:\PHP\amp\app\Application\Admin\Controller\AgentController.class.php 第 33 行.
NOTIC: [8] Undefined index: province D:\PHP\amp\app\Application\Admin\Controller\AgentController.class.php 第 34 行.
INFO: [ view_parse ] --START--
INFO: [ template_filter ] --START--
INFO: Run Behavior\ContentReplaceBehavior [ RunTime:0.000172s ]
INFO: [ template_filter ] --END-- [ RunTime:0.000384s ]
NOTIC: [8] Undefined variable: city D:\PHP\amp\app\Application\Runtime\Cache\Admin\1b32734865f8d28ed3fdd96215ddb47c.php 第 58 行.
NOTIC: [8] Undefined variable: county D:\PHP\amp\app\Application\Runtime\Cache\Admin\1b32734865f8d28ed3fdd96215ddb47c.php 第 59 行.
NOTIC: [8] Undefined variable: data D:\PHP\amp\app\Application\Runtime\Cache\Admin\1b32734865f8d28ed3fdd96215ddb47c.php 第 107 行.
NOTIC: [2] Invalid argument supplied for foreach() D:\PHP\amp\app\Application\Runtime\Cache\Admin\1b32734865f8d28ed3fdd96215ddb47c.php 第 107 行.
NOTIC: [8] Undefined variable: data1 D:\PHP\amp\app\Application\Runtime\Cache\Admin\1b32734865f8d28ed3fdd96215ddb47c.php 第 120 行.
NOTIC: [2] Invalid argument supplied for foreach() D:\PHP\amp\app\Application\Runtime\Cache\Admin\1b32734865f8d28ed3fdd96215ddb47c.php 第 120 行.
INFO: Run Behavior\ParseTemplateBehavior [ RunTime:0.031309s ]
INFO: [ view_parse ] --END-- [ RunTime:0.031516s ]
INFO: [ view_filter ] --START--
INFO: Run Behavior\WriteHtmlCacheBehavior [ RunTime:0.001448s ]
INFO: [ view_filter ] --END-- [ RunTime:0.001615s ]

[ 2015-08-08T13:00:31+08:00 ] 127.0.0.1 /index.php/admin/Member/information
INFO: [ app_init ] --START--
INFO: Run Behavior\BuildLiteBehavior [ RunTime:0.000013s ]
INFO: [ app_init ] --END-- [ RunTime:0.000458s ]
INFO: [ app_begin ] --START--
INFO: Run Behavior\ReadHtmlCacheBehavior [ RunTime:0.000881s ]
INFO: [ app_begin ] --END-- [ RunTime:0.000985s ]
INFO: [ view_parse ] --START--
INFO: [ template_filter ] --START--
INFO: Run Behavior\ContentReplaceBehavior [ RunTime:0.000048s ]
INFO: [ template_filter ] --END-- [ RunTime:0.000102s ]
INFO: Run Behavior\ParseTemplateBehavior [ RunTime:0.006740s ]
INFO: [ view_parse ] --END-- [ RunTime:0.006805s ]
INFO: [ view_filter ] --START--
INFO: Run Behavior\WriteHtmlCacheBehavior [ RunTime:0.000476s ]
INFO: [ view_filter ] --END-- [ RunTime:0.000525s ]
INFO: [ app_end ] --START--
INFO: Run Behavior\ShowPageTraceBehavior [ RunTime:0.000605s ]
INFO: [ app_end ] --END-- [ RunTime:0.000649s ]

[ 2015-08-08T13:00:36+08:00 ] 127.0.0.1 /index.php/admin/Member/Member.html
INFO: [ app_init ] --START--
INFO: Run Behavior\BuildLiteBehavior [ RunTime:0.000015s ]
INFO: [ app_init ] --END-- [ RunTime:0.000455s ]
INFO: [ app_begin ] --START--
INFO: Run Behavior\ReadHtmlCacheBehavior [ RunTime:0.000668s ]
INFO: [ app_begin ] --END-- [ RunTime:0.000728s ]
NOTIC: [8] Undefined index: province D:\PHP\amp\app\Application\Admin\Controller\MemberController.class.php 第 27 行.
SQL: SHOW COLUMNS FROM `yx_member` [ RunTime:0.067748s ]
SQL: SELECT COUNT(*) AS tp_count FROM yx_member a WHERE ( a.level = '1' ) LIMIT 1   [ RunTime:0.130648s ]
SQL: SELECT a.nikename,`tel` FROM yx_member a WHERE ( a.level = '1' ) LIMIT 0,15   [ RunTime:0.001015s ]
INFO: [ view_parse ] --START--
INFO: [ template_filter ] --START--
INFO: Run Behavior\ContentReplaceBehavior [ RunTime:0.000105s ]
INFO: [ template_filter ] --END-- [ RunTime:0.000226s ]
NOTIC: [8] Undefined variable: pagea D:\PHP\amp\app\Application\Runtime\Cache\Admin\a13a4c9cb18407b2c2b5ea95cc809c3a.php 第 118 行.
INFO: Run Behavior\ParseTemplateBehavior [ RunTime:0.046392s ]
INFO: [ view_parse ] --END-- [ RunTime:0.046671s ]
INFO: [ view_filter ] --START--
INFO: Run Behavior\WriteHtmlCacheBehavior [ RunTime:0.001116s ]
INFO: [ view_filter ] --END-- [ RunTime:0.001256s ]

[ 2015-08-08T13:00:42+08:00 ] 127.0.0.1 /index.php/admin/Member/vipmember.html
INFO: [ app_init ] --START--
INFO: Run Behavior\BuildLiteBehavior [ RunTime:0.000015s ]
INFO: [ app_init ] --END-- [ RunTime:0.000456s ]
INFO: [ app_begin ] --START--
INFO: Run Behavior\ReadHtmlCacheBehavior [ RunTime:0.000712s ]
INFO: [ app_begin ] --END-- [ RunTime:0.000776s ]
NOTIC: [8] Use of undefined constant Member - assumed 'Member' D:\PHP\amp\app\Application\Admin\Controller\MemberController.class.php 第 79 行.
SQL: SHOW COLUMNS FROM `yx_member` [ RunTime:0.010614s ]
SQL: SELECT COUNT(*) AS tp_count FROM yx_member a WHERE ( a.level = '2' ) LIMIT 1   [ RunTime:0.002938s ]
SQL: SELECT a.* FROM yx_member a WHERE ( a.level = '2' ) LIMIT 0,15   [ RunTime:0.011645s ]
INFO: [ view_parse ] --START--
INFO: [ template_filter ] --START--
INFO: Run Behavior\ContentReplaceBehavior [ RunTime:0.000106s ]
INFO: [ template_filter ] --END-- [ RunTime:0.000219s ]
NOTIC: [8] Undefined variable: pagea D:\PHP\amp\app\Application\Runtime\Cache\Admin\c7e7ee64e1211d97ef5259e41fa9ea55.php 第 128 行.
INFO: Run Behavior\ParseTemplateBehavior [ RunTime:0.018161s ]
INFO: [ view_parse ] --END-- [ RunTime:0.018364s ]
INFO: [ view_filter ] --START--
INFO: Run Behavior\WriteHtmlCacheBehavior [ RunTime:0.000852s ]
INFO: [ view_filter ] --END-- [ RunTime:0.000972s ]

[ 2015-08-08T13:00:44+08:00 ] 127.0.0.1 /index.php/admin/Member/vipapproval.html
INFO: [ app_init ] --START--
INFO: Run Behavior\BuildLiteBehavior [ RunTime:0.000014s ]
INFO: [ app_init ] --END-- [ RunTime:0.000390s ]
INFO: [ app_begin ] --START--
INFO: Run Behavior\ReadHtmlCacheBehavior [ RunTime:0.000664s ]
INFO: [ app_begin ] --END-- [ RunTime:0.000723s ]
SQL: SHOW COLUMNS FROM `yx_vipapproval` [ RunTime:0.033405s ]
SQL: SELECT COUNT(*) AS tp_count FROM yx_vipapproval a LIMIT 1   [ RunTime:0.000645s ]
SQL: SELECT b.nikename,`tel`,b.provinceid,b.cityid,b.districtid,a.*,c.ProvinceName,d.CityName,e.DistrictName FROM yx_vipapproval a LEFT JOIN yx_member b on a.memberid = b.id
                                LEFT JOIN yx_pcd_province c on b.provinceid = c.id 
                                LEFT JOIN yx_pcd_city d on b.cityid = d.id
                                LEFT JOIN yx_pcd_district e on b.districtid = e.id
                                  LIMIT 0,15   [ RunTime:0.123724s ]
INFO: [ view_parse ] --START--
INFO: [ template_filter ] --START--
INFO: Run Behavior\ContentReplaceBehavior [ RunTime:0.000088s ]
INFO: [ template_filter ] --END-- [ RunTime:0.000184s ]
NOTIC: [8] Undefined variable: pagea D:\PHP\amp\app\Application\Runtime\Cache\Admin\bef873b593fc551bd80de623745c52d5.php 第 124 行.
INFO: Run Behavior\ParseTemplateBehavior [ RunTime:0.019026s ]
INFO: [ view_parse ] --END-- [ RunTime:0.019154s ]
INFO: [ view_filter ] --START--
INFO: Run Behavior\WriteHtmlCacheBehavior [ RunTime:0.000713s ]
INFO: [ view_filter ] --END-- [ RunTime:0.000790s ]
NOTIC: [8] Undefined index: yes D:\PHP\amp\app\Application\Admin\Controller\MemberController.class.php 第 74 行.
INFO: [ app_end ] --START--
INFO: Run Behavior\ShowPageTraceBehavior [ RunTime:0.001009s ]
INFO: [ app_end ] --END-- [ RunTime:0.001086s ]

[ 2015-08-08T13:01:10+08:00 ] 127.0.0.1 /index.php/Admin/Member/edit/memid/11.html
INFO: [ app_init ] --START--
INFO: Run Behavior\BuildLiteBehavior [ RunTime:0.000014s ]
INFO: [ app_init ] --END-- [ RunTime:0.000455s ]
INFO: [ app_begin ] --START--
INFO: Run Behavior\ReadHtmlCacheBehavior [ RunTime:0.000681s ]
INFO: [ app_begin ] --END-- [ RunTime:0.000740s ]
SQL: SHOW COLUMNS FROM `yx_member` [ RunTime:0.009984s ]
SQL: UPDATE `yx_member` SET `level`=2 WHERE ( `id` = 11 ) [ RunTime:0.123463s ]
INFO: [ view_parse ] --START--
INFO: [ template_filter ] --START--
INFO: Run Behavior\ContentReplaceBehavior [ RunTime:0.000121s ]
INFO: [ template_filter ] --END-- [ RunTime:0.000308s ]
INFO: Run Behavior\ParseTemplateBehavior [ RunTime:0.094660s ]
INFO: [ view_parse ] --END-- [ RunTime:0.094855s ]
INFO: [ view_filter ] --START--
INFO: Run Behavior\WriteHtmlCacheBehavior [ RunTime:0.000986s ]
INFO: [ view_filter ] --END-- [ RunTime:0.001114s ]

[ 2015-08-08T13:01:12+08:00 ] 127.0.0.1 /index.php/Admin/Member/vipapproval.html
INFO: [ app_init ] --START--
INFO: Run Behavior\BuildLiteBehavior [ RunTime:0.000015s ]
INFO: [ app_init ] --END-- [ RunTime:0.000417s ]
INFO: [ app_begin ] --START--
INFO: Run Behavior\ReadHtmlCacheBehavior [ RunTime:0.000645s ]
INFO: [ app_begin ] --END-- [ RunTime:0.000710s ]
SQL: SHOW COLUMNS FROM `yx_vipapproval` [ RunTime:0.017977s ]
SQL: SELECT COUNT(*) AS tp_count FROM yx_vipapproval a LIMIT 1   [ RunTime:0.000295s ]
SQL: SELECT b.nikename,`tel`,b.provinceid,b.cityid,b.districtid,a.*,c.ProvinceName,d.CityName,e.DistrictName FROM yx_vipapproval a LEFT JOIN yx_member b on a.memberid = b.id
                                LEFT JOIN yx_pcd_province c on b.provinceid = c.id 
                                LEFT JOIN yx_pcd_city d on b.cityid = d.id
                                LEFT JOIN yx_pcd_district e on b.districtid = e.id
                                  LIMIT 0,15   [ RunTime:0.051315s ]
INFO: [ view_parse ] --START--
INFO: [ template_filter ] --START--
INFO: Run Behavior\ContentReplaceBehavior [ RunTime:0.000052s ]
INFO: [ template_filter ] --END-- [ RunTime:0.000106s ]
NOTIC: [8] Undefined variable: pagea D:\PHP\amp\app\Application\Runtime\Cache\Admin\bef873b593fc551bd80de623745c52d5.php 第 124 行.
INFO: Run Behavior\ParseTemplateBehavior [ RunTime:0.008306s ]
INFO: [ view_parse ] --END-- [ RunTime:0.008365s ]
INFO: [ view_filter ] --START--
INFO: Run Behavior\WriteHtmlCacheBehavior [ RunTime:0.000445s ]
INFO: [ view_filter ] --END-- [ RunTime:0.000487s ]
NOTIC: [8] Undefined index: yes D:\PHP\amp\app\Application\Admin\Controller\MemberController.class.php 第 74 行.
INFO: [ app_end ] --START--
INFO: Run Behavior\ShowPageTraceBehavior [ RunTime:0.000588s ]
INFO: [ app_end ] --END-- [ RunTime:0.000639s ]

[ 2015-08-08T13:04:01+08:00 ] 127.0.0.1 /index.php/admin/Member/vipapproval.html
INFO: [ app_init ] --START--
INFO: Run Behavior\BuildLiteBehavior [ RunTime:0.000014s ]
INFO: [ app_init ] --END-- [ RunTime:0.000455s ]
INFO: [ app_begin ] --START--
INFO: Run Behavior\ReadHtmlCacheBehavior [ RunTime:0.000740s ]
INFO: [ app_begin ] --END-- [ RunTime:0.000810s ]
SQL: SHOW COLUMNS FROM `yx_vipapproval` [ RunTime:0.008976s ]
SQL: SELECT COUNT(*) AS tp_count FROM yx_vipapproval a LIMIT 1   [ RunTime:0.000789s ]
SQL: SELECT b.nikename,`tel`,b.provinceid,b.cityid,b.districtid,a.*,c.ProvinceName,d.CityName,e.DistrictName FROM yx_vipapproval a LEFT JOIN yx_member b on a.memberid = b.id
                                LEFT JOIN yx_pcd_province c on b.provinceid = c.id 
                                LEFT JOIN yx_pcd_city d on b.cityid = d.id
                                LEFT JOIN yx_pcd_district e on b.districtid = e.id
                                  LIMIT 0,15   [ RunTime:0.001379s ]
INFO: [ view_parse ] --START--
INFO: [ template_filter ] --START--
INFO: Run Behavior\ContentReplaceBehavior [ RunTime:0.000105s ]
INFO: [ template_filter ] --END-- [ RunTime:0.000222s ]
NOTIC: [8] Undefined variable: pagea D:\PHP\amp\app\Application\Runtime\Cache\Admin\bef873b593fc551bd80de623745c52d5.php 第 124 行.
INFO: Run Behavior\ParseTemplateBehavior [ RunTime:0.085701s ]
INFO: [ view_parse ] --END-- [ RunTime:0.085896s ]
INFO: [ view_filter ] --START--
INFO: Run Behavior\WriteHtmlCacheBehavior [ RunTime:0.001340s ]
INFO: [ view_filter ] --END-- [ RunTime:0.001498s ]
NOTIC: [8] Undefined index: yes D:\PHP\amp\app\Application\Admin\Controller\MemberController.class.php 第 74 行.
INFO: [ app_end ] --START--
INFO: Run Behavior\ShowPageTraceBehavior [ RunTime:0.002154s ]
INFO: [ app_end ] --END-- [ RunTime:0.002334s ]

[ 2015-08-08T13:04:11+08:00 ] 127.0.0.1 /index.php/Admin/Member/edit/memid/11.html
INFO: [ app_init ] --START--
INFO: Run Behavior\BuildLiteBehavior [ RunTime:0.000013s ]
INFO: [ app_init ] --END-- [ RunTime:0.000337s ]
INFO: [ app_begin ] --START--
INFO: Run Behavior\ReadHtmlCacheBehavior [ RunTime:0.000538s ]
INFO: [ app_begin ] --END-- [ RunTime:0.000594s ]
SQL: SHOW COLUMNS FROM `yx_member` [ RunTime:0.011358s ]
SQL: UPDATE `yx_member` SET `level`=2 WHERE ( `id` = 11 ) [ RunTime:0.235519s ]
INFO: [ view_parse ] --START--
INFO: [ template_filter ] --START--
INFO: Run Behavior\ContentReplaceBehavior [ RunTime:0.000084s ]
INFO: [ template_filter ] --END-- [ RunTime:0.000213s ]
INFO: Run Behavior\ParseTemplateBehavior [ RunTime:0.027271s ]
INFO: [ view_parse ] --END-- [ RunTime:0.027438s ]
INFO: [ view_filter ] --START--
INFO: Run Behavior\WriteHtmlCacheBehavior [ RunTime:0.000961s ]
INFO: [ view_filter ] --END-- [ RunTime:0.001070s ]

[ 2015-08-08T13:04:13+08:00 ] 127.0.0.1 /index.php/Admin/Member/del.html
INFO: [ app_init ] --START--
INFO: Run Behavior\BuildLiteBehavior [ RunTime:0.000026s ]
INFO: [ app_init ] --END-- [ RunTime:0.000891s ]
INFO: [ app_begin ] --START--
INFO: Run Behavior\ReadHtmlCacheBehavior [ RunTime:0.001293s ]
INFO: [ app_begin ] --END-- [ RunTime:0.001428s ]
SQL: SHOW COLUMNS FROM `yx_vipapproval` [ RunTime:0.005333s ]
SQL: DELETE FROM `yx_vipapproval` WHERE ( `memberid` = '' ) [ RunTime:0.030484s ]
INFO: [ view_parse ] --START--
INFO: [ template_filter ] --START--
INFO: Run Behavior\ContentReplaceBehavior [ RunTime:0.000083s ]
INFO: [ template_filter ] --END-- [ RunTime:0.000212s ]
INFO: Run Behavior\ParseTemplateBehavior [ RunTime:0.020965s ]
INFO: [ view_parse ] --END-- [ RunTime:0.021096s ]
INFO: [ view_filter ] --START--
INFO: Run Behavior\WriteHtmlCacheBehavior [ RunTime:0.000959s ]
INFO: [ view_filter ] --END-- [ RunTime:0.001067s ]

[ 2015-08-08T13:04:16+08:00 ] 127.0.0.1 /index.php/Admin/Member/vipapproval.html
INFO: [ app_init ] --START--
INFO: Run Behavior\BuildLiteBehavior [ RunTime:0.000070s ]
INFO: [ app_init ] --END-- [ RunTime:0.001862s ]
INFO: [ app_begin ] --START--
INFO: Run Behavior\ReadHtmlCacheBehavior [ RunTime:0.001079s ]
INFO: [ app_begin ] --END-- [ RunTime:0.001178s ]
SQL: SHOW COLUMNS FROM `yx_vipapproval` [ RunTime:0.006031s ]
SQL: SELECT COUNT(*) AS tp_count FROM yx_vipapproval a LIMIT 1   [ RunTime:0.000483s ]
SQL: SELECT b.nikename,`tel`,b.provinceid,b.cityid,b.districtid,a.*,c.ProvinceName,d.CityName,e.DistrictName FROM yx_vipapproval a LEFT JOIN yx_member b on a.memberid = b.id
                                LEFT JOIN yx_pcd_province c on b.provinceid = c.id 
                                LEFT JOIN yx_pcd_city d on b.cityid = d.id
                                LEFT JOIN yx_pcd_district e on b.districtid = e.id
                                  LIMIT 0,15   [ RunTime:0.000911s ]
INFO: [ view_parse ] --START--
INFO: [ template_filter ] --START--
INFO: Run Behavior\ContentReplaceBehavior [ RunTime:0.000124s ]
INFO: [ template_filter ] --END-- [ RunTime:0.000257s ]
NOTIC: [8] Undefined variable: pagea D:\PHP\amp\app\Application\Runtime\Cache\Admin\bef873b593fc551bd80de623745c52d5.php 第 124 行.
INFO: Run Behavior\ParseTemplateBehavior [ RunTime:0.017104s ]
INFO: [ view_parse ] --END-- [ RunTime:0.017281s ]
INFO: [ view_filter ] --START--
INFO: Run Behavior\WriteHtmlCacheBehavior [ RunTime:0.001435s ]
INFO: [ view_filter ] --END-- [ RunTime:0.001574s ]
NOTIC: [8] Undefined index: yes D:\PHP\amp\app\Application\Admin\Controller\MemberController.class.php 第 74 行.
INFO: [ app_end ] --START--
INFO: Run Behavior\ShowPageTraceBehavior [ RunTime:0.000862s ]
INFO: [ app_end ] --END-- [ RunTime:0.000941s ]

[ 2015-08-08T13:05:27+08:00 ] 127.0.0.1 /index.php/admin/Member/vipapproval.html
INFO: [ app_init ] --START--
INFO: Run Behavior\BuildLiteBehavior [ RunTime:0.000013s ]
INFO: [ app_init ] --END-- [ RunTime:0.000383s ]
INFO: [ app_begin ] --START--
INFO: Run Behavior\ReadHtmlCacheBehavior [ RunTime:0.000664s ]
INFO: [ app_begin ] --END-- [ RunTime:0.000724s ]
SQL: SHOW COLUMNS FROM `yx_vipapproval` [ RunTime:0.008339s ]
SQL: SELECT COUNT(*) AS tp_count FROM yx_vipapproval a LIMIT 1   [ RunTime:0.000650s ]
SQL: SELECT b.nikename,`tel`,b.provinceid,b.cityid,b.districtid,a.*,c.ProvinceName,d.CityName,e.DistrictName FROM yx_vipapproval a LEFT JOIN yx_member b on a.memberid = b.id
                                LEFT JOIN yx_pcd_province c on b.provinceid = c.id 
                                LEFT JOIN yx_pcd_city d on b.cityid = d.id
                                LEFT JOIN yx_pcd_district e on b.districtid = e.id
                                  LIMIT 0,15   [ RunTime:0.001414s ]
INFO: [ view_parse ] --START--
INFO: [ template_filter ] --START--
INFO: Run Behavior\ContentReplaceBehavior [ RunTime:0.000210s ]
INFO: [ template_filter ] --END-- [ RunTime:0.000424s ]
NOTIC: [8] Undefined variable: pagea D:\PHP\amp\app\Application\Runtime\Cache\Admin\bef873b593fc551bd80de623745c52d5.php 第 124 行.
INFO: Run Behavior\ParseTemplateBehavior [ RunTime:0.023948s ]
INFO: [ view_parse ] --END-- [ RunTime:0.024161s ]
INFO: [ view_filter ] --START--
INFO: Run Behavior\WriteHtmlCacheBehavior [ RunTime:0.001373s ]
INFO: [ view_filter ] --END-- [ RunTime:0.001548s ]
NOTIC: [8] Undefined index: yes D:\PHP\amp\app\Application\Admin\Controller\MemberController.class.php 第 74 行.
INFO: [ app_end ] --START--
INFO: Run Behavior\ShowPageTraceBehavior [ RunTime:0.002642s ]
INFO: [ app_end ] --END-- [ RunTime:0.002833s ]

[ 2015-08-08T13:05:33+08:00 ] 127.0.0.1 /index.php/Admin/Member/edit/memid/11.html
INFO: [ app_init ] --START--
INFO: Run Behavior\BuildLiteBehavior [ RunTime:0.000013s ]
INFO: [ app_init ] --END-- [ RunTime:0.000449s ]
INFO: [ app_begin ] --START--
INFO: Run Behavior\ReadHtmlCacheBehavior [ RunTime:0.000681s ]
INFO: [ app_begin ] --END-- [ RunTime:0.000740s ]
SQL: SHOW COLUMNS FROM `yx_member` [ RunTime:0.011005s ]
SQL: UPDATE `yx_member` SET `level`=2 WHERE ( `id` = 11 ) [ RunTime:0.073699s ]
INFO: [ view_parse ] --START--
INFO: [ template_filter ] --START--
INFO: Run Behavior\ContentReplaceBehavior [ RunTime:0.000080s ]
INFO: [ template_filter ] --END-- [ RunTime:0.000209s ]
INFO: Run Behavior\ParseTemplateBehavior [ RunTime:0.017351s ]
INFO: [ view_parse ] --END-- [ RunTime:0.017508s ]
INFO: [ view_filter ] --START--
INFO: Run Behavior\WriteHtmlCacheBehavior [ RunTime:0.000825s ]
INFO: [ view_filter ] --END-- [ RunTime:0.000923s ]

[ 2015-08-08T13:05:36+08:00 ] 127.0.0.1 /index.php/Admin/Member/del/memid/11.html
INFO: [ app_init ] --START--
INFO: Run Behavior\BuildLiteBehavior [ RunTime:0.000028s ]
INFO: [ app_init ] --END-- [ RunTime:0.000884s ]
INFO: [ app_begin ] --START--
INFO: Run Behavior\ReadHtmlCacheBehavior [ RunTime:0.001277s ]
INFO: [ app_begin ] --END-- [ RunTime:0.001419s ]
SQL: SHOW COLUMNS FROM `yx_vipapproval` [ RunTime:0.008448s ]
SQL: DELETE FROM `yx_vipapproval` WHERE ( `memberid` = '11' ) [ RunTime:0.056605s ]
INFO: [ view_parse ] --START--
INFO: [ template_filter ] --START--
INFO: Run Behavior\ContentReplaceBehavior [ RunTime:0.000184s ]
INFO: [ template_filter ] --END-- [ RunTime:0.000433s ]
INFO: Run Behavior\ParseTemplateBehavior [ RunTime:0.019373s ]
INFO: [ view_parse ] --END-- [ RunTime:0.019614s ]
INFO: [ view_filter ] --START--
INFO: Run Behavior\WriteHtmlCacheBehavior [ RunTime:0.001128s ]
INFO: [ view_filter ] --END-- [ RunTime:0.001238s ]

[ 2015-08-08T13:05:38+08:00 ] 127.0.0.1 /index.php/Admin/Member/vipapproval.html
INFO: [ app_init ] --START--
INFO: Run Behavior\BuildLiteBehavior [ RunTime:0.000022s ]
INFO: [ app_init ] --END-- [ RunTime:0.000579s ]
INFO: [ app_begin ] --START--
INFO: Run Behavior\ReadHtmlCacheBehavior [ RunTime:0.001262s ]
INFO: [ app_begin ] --END-- [ RunTime:0.001380s ]
SQL: SHOW COLUMNS FROM `yx_vipapproval` [ RunTime:0.008149s ]
SQL: SELECT COUNT(*) AS tp_count FROM yx_vipapproval a LIMIT 1   [ RunTime:0.000666s ]
SQL: SELECT b.nikename,`tel`,b.provinceid,b.cityid,b.districtid,a.*,c.ProvinceName,d.CityName,e.DistrictName FROM yx_vipapproval a LEFT JOIN yx_member b on a.memberid = b.id
                                LEFT JOIN yx_pcd_province c on b.provinceid = c.id 
                                LEFT JOIN yx_pcd_city d on b.cityid = d.id
                                LEFT JOIN yx_pcd_district e on b.districtid = e.id
                                  LIMIT 0,15   [ RunTime:0.001208s ]
INFO: [ view_parse ] --START--
INFO: [ template_filter ] --START--
INFO: Run Behavior\ContentReplaceBehavior [ RunTime:0.000125s ]
INFO: [ template_filter ] --END-- [ RunTime:0.000257s ]
NOTIC: [2] Invalid argument supplied for foreach() D:\PHP\amp\app\Application\Runtime\Cache\Admin\bef873b593fc551bd80de623745c52d5.php 第 77 行.
NOTIC: [8] Undefined variable: pagea D:\PHP\amp\app\Application\Runtime\Cache\Admin\bef873b593fc551bd80de623745c52d5.php 第 124 行.
NOTIC: [8] Undefined variable: v D:\PHP\amp\app\Application\Runtime\Cache\Admin\bef873b593fc551bd80de623745c52d5.php 第 140 行.
INFO: Run Behavior\ParseTemplateBehavior [ RunTime:0.016496s ]
INFO: [ view_parse ] --END-- [ RunTime:0.016649s ]
INFO: [ view_filter ] --START--
INFO: Run Behavior\WriteHtmlCacheBehavior [ RunTime:0.000965s ]
INFO: [ view_filter ] --END-- [ RunTime:0.001081s ]
NOTIC: [8] Undefined index: yes D:\PHP\amp\app\Application\Admin\Controller\MemberController.class.php 第 74 行.
INFO: [ app_end ] --START--
INFO: Run Behavior\ShowPageTraceBehavior [ RunTime:0.001608s ]
INFO: [ app_end ] --END-- [ RunTime:0.001751s ]

[ 2015-08-08T13:06:18+08:00 ] 127.0.0.1 /index.php/admin/Member/vipapproval.html
INFO: [ app_init ] --START--
INFO: Run Behavior\BuildLiteBehavior [ RunTime:0.000015s ]
INFO: [ app_init ] --END-- [ RunTime:0.000473s ]
INFO: [ app_begin ] --START--
INFO: Run Behavior\ReadHtmlCacheBehavior [ RunTime:0.000692s ]
INFO: [ app_begin ] --END-- [ RunTime:0.000752s ]
SQL: SHOW COLUMNS FROM `yx_vipapproval` [ RunTime:0.009500s ]
SQL: SELECT COUNT(*) AS tp_count FROM yx_vipapproval a LIMIT 1   [ RunTime:0.000774s ]
SQL: SELECT b.nikename,`tel`,b.provinceid,b.cityid,b.districtid,a.*,c.ProvinceName,d.CityName,e.DistrictName FROM yx_vipapproval a LEFT JOIN yx_member b on a.memberid = b.id
                                LEFT JOIN yx_pcd_province c on b.provinceid = c.id 
                                LEFT JOIN yx_pcd_city d on b.cityid = d.id
                                LEFT JOIN yx_pcd_district e on b.districtid = e.id
                                  LIMIT 0,15   [ RunTime:0.001553s ]
INFO: [ view_parse ] --START--
INFO: [ template_filter ] --START--
INFO: Run Behavior\ContentReplaceBehavior [ RunTime:0.000093s ]
INFO: [ template_filter ] --END-- [ RunTime:0.000189s ]
NOTIC: [8] Undefined variable: pagea D:\PHP\amp\app\Application\Runtime\Cache\Admin\bef873b593fc551bd80de623745c52d5.php 第 124 行.
INFO: Run Behavior\ParseTemplateBehavior [ RunTime:0.021791s ]
INFO: [ view_parse ] --END-- [ RunTime:0.021959s ]
INFO: [ view_filter ] --START--
INFO: Run Behavior\WriteHtmlCacheBehavior [ RunTime:0.000764s ]
INFO: [ view_filter ] --END-- [ RunTime:0.000846s ]
NOTIC: [8] Undefined index: yes D:\PHP\amp\app\Application\Admin\Controller\MemberController.class.php 第 74 行.
INFO: [ app_end ] --START--
INFO: Run Behavior\ShowPageTraceBehavior [ RunTime:0.001127s ]
INFO: [ app_end ] --END-- [ RunTime:0.001211s ]

